<?xml version="1.0" encoding="UTF-8"?>
<!-- Generated by org.testng.reporters.JUnitReportReporter -->
<testsuite hostname="DESKTOP-00F8VL6" failures="0" tests="13" name="seleniumPack.TestAnnotations" time="0.043" errors="0" timestamp="25 May 2022 02:09:33 GMT" skipped="0">
  <testcase classname="seleniumPack.TestAnnotations" name="recordCreation" time="0.002"/>
  <testcase classname="seleniumPack.TestAnnotations" name="recordCreation" time="0.004"/>
  <testcase classname="seleniumPack.TestAnnotations" name="recordCreation" time="0.002"/>
  <testcase classname="seleniumPack.TestAnnotations" name="recordCreation" time="0.002"/>
  <testcase classname="seleniumPack.TestAnnotations" name="recordCreation" time="0.001"/>
  <testcase classname="seleniumPack.TestAnnotations" name="recordCreation" time="0.005"/>
  <testcase classname="seleniumPack.TestAnnotations" name="recordCreation" time="0.017"/>
  <testcase classname="seleniumPack.TestAnnotations" name="recordCreation" time="0.001"/>
  <testcase classname="seleniumPack.TestAnnotations" name="recordCreation" time="0.003"/>
  <testcase classname="seleniumPack.TestAnnotations" name="recordCreation" time="0.002"/>
  <testcase classname="seleniumPack.TestAnnotations" name="recordCreation" time="0.002"/>
  <testcase classname="seleniumPack.TestAnnotations" name="noPriority" time="0.001"/>
  <testcase classname="seleniumPack.TestAnnotations" name="paginationTest" time="0.001"/>
</testsuite> <!-- seleniumPack.TestAnnotations -->
