<?xml version="1.0" encoding="UTF-8"?>
<!-- Generated by org.testng.reporters.JUnitReportReporter -->
<testsuite hostname="DESKTOP-00F8VL6" failures="0" tests="26" name="seleniumPack.TestAnnotations" time="0.100" errors="0" timestamp="27 May 2022 01:21:09 GMT" skipped="0">
  <testcase classname="seleniumPack.TestAnnotations" name="recordCreation" time="0.003"/>
  <testcase classname="seleniumPack.TestAnnotations" name="recordCreation" time="0.002"/>
  <testcase classname="seleniumPack.TestAnnotations" name="recordCreation" time="0.001"/>
  <testcase classname="seleniumPack.TestAnnotations" name="recordCreation" time="0.002"/>
  <testcase classname="seleniumPack.TestAnnotations" name="recordCreation" time="0.001"/>
  <testcase classname="seleniumPack.TestAnnotations" name="recordCreation" time="0.002"/>
  <testcase classname="seleniumPack.TestAnnotations" name="recordCreation" time="0.027"/>
  <testcase classname="seleniumPack.TestAnnotations" name="recordCreation" time="0.002"/>
  <testcase classname="seleniumPack.TestAnnotations" name="recordCreation" time="0.001"/>
  <testcase classname="seleniumPack.TestAnnotations" name="recordCreation" time="0.004"/>
  <testcase classname="seleniumPack.TestAnnotations" name="recordCreation" time="0.008"/>
  <testcase classname="seleniumPack.TestAnnotations" name="recordCreation" time="0.002"/>
  <testcase classname="seleniumPack.TestAnnotations" name="recordCreation" time="0.001"/>
  <testcase classname="seleniumPack.TestAnnotations" name="recordCreation" time="0.001"/>
  <testcase classname="seleniumPack.TestAnnotations" name="recordCreation" time="0.001"/>
  <testcase classname="seleniumPack.TestAnnotations" name="recordCreation" time="0.006"/>
  <testcase classname="seleniumPack.TestAnnotations" name="recordCreation" time="0.002"/>
  <testcase classname="seleniumPack.TestAnnotations" name="recordCreation" time="0.001"/>
  <testcase classname="seleniumPack.TestAnnotations" name="recordCreation" time="0.004"/>
  <testcase classname="seleniumPack.TestAnnotations" name="recordCreation" time="0.002"/>
  <testcase classname="seleniumPack.TestAnnotations" name="recordCreation" time="0.003"/>
  <testcase classname="seleniumPack.TestAnnotations" name="recordCreation" time="0.011"/>
  <testcase classname="seleniumPack.TestAnnotations" name="noPriority" time="0.001"/>
  <testcase classname="seleniumPack.TestAnnotations" name="noPriority" time="0.003"/>
  <testcase classname="seleniumPack.TestAnnotations" name="paginationTest" time="0.004"/>
  <testcase classname="seleniumPack.TestAnnotations" name="paginationTest" time="0.005"/>
</testsuite> <!-- seleniumPack.TestAnnotations -->
